<?xml version="1.0" encoding="UTF-8"?>
<!-- Generated by org.testng.reporters.JUnitReportReporter -->
<testsuite hostname="DESKTOP-8P1SJ7B" failures="0" tests="1" name="Testsleepy.forgetpassword" time="35.091" errors="0" timestamp="2021-07-29T11:10:15 IST" skipped="0">
  <testcase classname="Testsleepy.forgetpassword" name="forgetflow" time="35.091"/>
  <system-out/>
</testsuite> <!-- Testsleepy.forgetpassword -->
