<?xml version="1.0" encoding="UTF-8"?>
<!-- Generated by org.testng.reporters.JUnitReportReporter -->
<testsuite hostname="DESKTOP-8P1SJ7B" failures="0" tests="4" name="Testsleepy.footerlinkTest" time="424.899" errors="0" timestamp="2021-08-09T12:03:42 IST" skipped="0">
  <testcase classname="Testsleepy.footerlinkTest" name="Footerlink" time="105.952"/>
  <system-out/>
  <testcase classname="Testsleepy.footerlinkTest" name="menulink" time="50.153"/>
  <system-out/>
  <testcase classname="Testsleepy.footerlinkTest" name="Headerlink" time="22.380"/>
  <system-out/>
  <testcase classname="Testsleepy.footerlinkTest" name="Homepagelink" time="246.414"/>
  <system-out/>
</testsuite> <!-- Testsleepy.footerlinkTest -->
