<?xml version="1.0" encoding="UTF-8"?>
<!-- Generated by org.testng.reporters.JUnitReportReporter -->
<testsuite hostname="DESKTOP-8P1SJ7B" failures="0" tests="1" name="Testsleepy.CartSliderTest" time="31.352" errors="0" timestamp="2021-09-05T21:31:40 IST" skipped="0">
  <testcase classname="Testsleepy.CartSliderTest" name="cartSliderTest" time="31.352"/>
  <system-out/>
</testsuite> <!-- Testsleepy.CartSliderTest -->
