<?xml version="1.0" encoding="UTF-8"?>
<!-- Generated by org.testng.reporters.JUnitReportReporter -->
<testsuite hostname="DESKTOP-8P1SJ7B" failures="0" tests="8" name="Testsleepy.Soundsleepsection" time="187.519" errors="0" timestamp="2021-08-11T12:10:35 IST" skipped="0">
  <testcase classname="Testsleepy.Soundsleepsection" name="Imagesmattlink" time="23.378"/>
  <system-out/>
  <testcase classname="Testsleepy.Soundsleepsection" name="Imagebedding" time="23.908"/>
  <system-out/>
  <testcase classname="Testsleepy.Soundsleepsection" name="Imgpillow" time="23.108"/>
  <system-out/>
  <testcase classname="Testsleepy.Soundsleepsection" name="imgohayobed" time="29.117"/>
  <system-out/>
  <testcase classname="Testsleepy.Soundsleepsection" name="matttxtlink" time="21.511"/>
  <system-out/>
  <testcase classname="Testsleepy.Soundsleepsection" name="txtbeddinglink" time="22.414"/>
  <system-out/>
  <testcase classname="Testsleepy.Soundsleepsection" name="txtpillowlink" time="21.879"/>
  <system-out/>
  <testcase classname="Testsleepy.Soundsleepsection" name="txtohayobedlink" time="22.204"/>
  <system-out/>
</testsuite> <!-- Testsleepy.Soundsleepsection -->
