<?xml version="1.0" encoding="UTF-8"?>
<!-- Generated by org.testng.reporters.JUnitReportReporter -->
<testsuite hostname="DESKTOP-8P1SJ7B" failures="0" tests="4" name="Testsleepy.Socialmedialinks" time="123.644" errors="0" timestamp="2021-08-15T14:34:46 IST" skipped="0">
  <testcase classname="Testsleepy.Socialmedialinks" name="facebooklink" time="32.669"/>
  <system-out/>
  <testcase classname="Testsleepy.Socialmedialinks" name="Youtubelink" time="38.388"/>
  <system-out/>
  <testcase classname="Testsleepy.Socialmedialinks" name="Instagramlink" time="29.767"/>
  <system-out/>
  <testcase classname="Testsleepy.Socialmedialinks" name="Twitterlink" time="22.820"/>
  <system-out/>
</testsuite> <!-- Testsleepy.Socialmedialinks -->
