<?xml version="1.0" encoding="UTF-8"?>
<!-- Generated by org.testng.reporters.JUnitReportReporter -->
<testsuite hostname="DESKTOP-8P1SJ7B" failures="0" tests="1" name="Testsleepy.logintest" time="29.664" errors="0" timestamp="2021-09-01T13:52:33 IST" skipped="0">
  <testcase classname="Testsleepy.logintest" name="login" time="29.664"/>
  <system-out/>
</testsuite> <!-- Testsleepy.logintest -->
