<?xml version="1.0" encoding="UTF-8"?>
<!-- Generated by org.testng.reporters.JUnitReportReporter -->
<testsuite hostname="DESKTOP-8P1SJ7B" failures="0" tests="1" name="Testsleepy.Addtocartflow" time="7.877" errors="0" timestamp="2021-07-23T12:14:18 IST" skipped="0">
  <testcase classname="Testsleepy.Addtocartflow" name="addtocart" time="7.877"/>
  <system-out/>
</testsuite> <!-- Testsleepy.Addtocartflow -->
