<?xml version="1.0" encoding="UTF-8"?>
<!-- Generated by org.testng.reporters.JUnitReportReporter -->
<testsuite hostname="DESKTOP-8P1SJ7B" failures="0" tests="1" name="Testsleepy.logintest" time="32.323" errors="0" timestamp="2021-07-23T12:14:18 IST" skipped="0">
  <testcase classname="Testsleepy.logintest" name="login" time="32.323"/>
  <system-out/>
</testsuite> <!-- Testsleepy.logintest -->
